Release 14.7 Map P.20131013 (nt64)
Xilinx Mapping Report File for Design 'vtc_demo'

Design Information
------------------
Command Line   : map -intstyle ise -p xc6slx45-csg324-3 -w -logic_opt off -ol
high -t 1 -xt 0 -register_duplication off -r 4 -global_opt off -mt off -ir off
-pr off -lc off -power off -o vtc_demo_map.ncd vtc_demo.ngd vtc_demo.pcf 
Target Device  : xc6slx45
Target Package : csg324
Target Speed   : -3
Mapper Version : spartan6 -- $Revision: 1.55 $
Mapped Date    : Wed Jan 02 16:05:04 2019

Design Summary
--------------
Number of errors:      0
Number of warnings:    1
Slice Logic Utilization:
  Number of Slice Registers:                   377 out of  54,576    1%
    Number used as Flip Flops:                 377
    Number used as Latches:                      0
    Number used as Latch-thrus:                  0
    Number used as AND/OR logics:                0
  Number of Slice LUTs:                        691 out of  27,288    2%
    Number used as logic:                      627 out of  27,288    2%
      Number using O6 output only:             424
      Number using O5 output only:              74
      Number using O5 and O6:                  129
      Number used as ROM:                        0
    Number used as Memory:                      44 out of   6,408    1%
      Number used as Dual Port RAM:             32
        Number using O6 output only:             4
        Number using O5 output only:             0
        Number using O5 and O6:                 28
      Number used as Single Port RAM:            0
      Number used as Shift Register:            12
        Number using O6 output only:            11
        Number using O5 output only:             0
        Number using O5 and O6:                  1
    Number used exclusively as route-thrus:     20
      Number with same-slice register load:     14
      Number with same-slice carry load:         6
      Number with other load:                    0

Slice Logic Distribution:
  Number of occupied Slices:                   253 out of   6,822    3%
  Number of MUXCYs used:                       148 out of  13,644    1%
  Number of LUT Flip Flop pairs used:          749
    Number with an unused Flip Flop:           408 out of     749   54%
    Number with an unused LUT:                  58 out of     749    7%
    Number of fully used LUT-FF pairs:         283 out of     749   37%
    Number of unique control sets:              33
    Number of slice register sites lost
      to control set restrictions:             158 out of  54,576    1%

  A LUT Flip Flop pair for this architecture represents one LUT paired with
  one Flip Flop within a slice.  A control set is a unique combination of
  clock, reset, set, and enable signals for a registered element.
  The Slice Logic Distribution report is not meaningful if the design is
  over-mapped for a non-slice resource or if Placement fails.

IO Utilization:
  Number of bonded IOBs:                        20 out of     218    9%
    Number of LOCed IOBs:                       20 out of      20  100%
    IOB Master Pads:                             4
    IOB Slave Pads:                              4

Specific Feature Utilization:
  Number of RAMB16BWERs:                         0 out of     116    0%
  Number of RAMB8BWERs:                          0 out of     232    0%
  Number of BUFIO2/BUFIO2_2CLKs:                 1 out of      32    3%
    Number used as BUFIO2s:                      1
    Number used as BUFIO2_2CLKs:                 0
  Number of BUFIO2FB/BUFIO2FB_2CLKs:             1 out of      32    3%
    Number used as BUFIO2FBs:                    1
    Number used as BUFIO2FB_2CLKs:               0
  Number of BUFG/BUFGMUXs:                       3 out of      16   18%
    Number used as BUFGs:                        3
    Number used as BUFGMUX:                      0
  Number of DCM/DCM_CLKGENs:                     2 out of       8   25%
    Number used as DCMs:                         1
    Number used as DCM_CLKGENs:                  1
  Number of ILOGIC2/ISERDES2s:                   0 out of     376    0%
  Number of IODELAY2/IODRP2/IODRP2_MCBs:         0 out of     376    0%
  Number of OLOGIC2/OSERDES2s:                   8 out of     376    2%
    Number used as OLOGIC2s:                     0
    Number used as OSERDES2s:                    8
  Number of BSCANs:                              0 out of       4    0%
  Number of BUFHs:                               0 out of     256    0%
  Number of BUFPLLs:                             1 out of       8   12%
  Number of BUFPLL_MCBs:                         0 out of       4    0%
  Number of DSP48A1s:                            0 out of      58    0%
  Number of ICAPs:                               0 out of       1    0%
  Number of MCBs:                                0 out of       2    0%
  Number of PCILOGICSEs:                         0 out of       2    0%
  Number of PLL_ADVs:                            1 out of       4   25%
  Number of PMVs:                                0 out of       1    0%
  Number of STARTUPs:                            0 out of       1    0%
  Number of SUSPEND_SYNCs:                       0 out of       1    0%

Average Fanout of Non-Clock Nets:                3.85

Peak Memory Usage:  502 MB
Total REAL time to MAP completion:  49 secs 
Total CPU time to MAP completion:   34 secs 

Table of Contents
-----------------
Section 1 - Errors
Section 2 - Warnings
Section 3 - Informational
Section 4 - Removed Logic Summary
Section 5 - Removed Logic
Section 6 - IOB Properties
Section 7 - RPMs
Section 8 - Guide Report
Section 9 - Area Group and Partition Summary
Section 10 - Timing Report
Section 11 - Configuration String Information
Section 12 - Control Set Information
Section 13 - Utilization by Hierarchy

Section 1 - Errors
------------------

Section 2 - Warnings
--------------------
WARNING:Timing:3159 - The DCM, PCLK_GEN_INST, has the attribute DFS_OSCILLATOR_MODE not set to PHASE_FREQ_LOCK. No phase relationship exists
   between the input clock and CLKFX or CLKFX180 outputs of this DCM. Data paths between these clock domains must be constrained using
   FROM/TO constraints.

Section 3 - Informational
-------------------------
INFO:LIT:243 - Logical network enc0/pixel2x/fifo_u/dram16s[29].i_RAM16X1D_U/SPO
   has no load.
INFO:LIT:395 - The above info message is repeated 29 more times for the
   following (max. 5 shown):
   enc0/pixel2x/fifo_u/dram16s[28].i_RAM16X1D_U/SPO,
   enc0/pixel2x/fifo_u/dram16s[27].i_RAM16X1D_U/SPO,
   enc0/pixel2x/fifo_u/dram16s[26].i_RAM16X1D_U/SPO,
   enc0/pixel2x/fifo_u/dram16s[25].i_RAM16X1D_U/SPO,
   enc0/pixel2x/fifo_u/dram16s[24].i_RAM16X1D_U/SPO
   To see the details of these info messages, please use the -detail switch.
INFO:MapLib:562 - No environment variables are currently set.
INFO:LIT:244 - All of the single ended outputs in this design are using slew
   rate limited output drivers. The delay on speed critical single ended outputs
   can be dramatically reduced by designating them as fast outputs.
INFO:Pack:1716 - Initializing temperature to 85.000 Celsius. (default - Range:
   0.000 to 85.000 Celsius)
INFO:Pack:1720 - Initializing voltage to 1.140 Volts. (default - Range: 1.140 to
   1.260 Volts)
INFO:Timing:3386 - Intersecting Constraints found and resolved.  For more information, see the TSI report.  Please consult the Xilinx
   Command Line Tools User Guide for information on generating a TSI report.
INFO:Map:215 - The Interim Design Summary has been generated in the MAP Report
   (.mrp).
INFO:Pack:1650 - Map created a placed design.

Section 4 - Removed Logic Summary
---------------------------------
   2 block(s) optimized away

Section 5 - Removed Logic
-------------------------

Optimized Block(s):
TYPE 		BLOCK
GND 		XST_GND
VCC 		XST_VCC

To enable printing of redundant blocks removed and signals merged, set the
detailed map report option and rerun map.

Section 6 - IOB Properties
--------------------------

+---------------------------------------------------------------------------------------------------------------------------------------------------------+
| IOB Name                           | Type             | Direction | IO Standard          | Diff  | Drive    | Slew | Reg (s)      | Resistor | IOB      |
|                                    |                  |           |                      | Term  | Strength | Rate |              |          | Delay    |
+---------------------------------------------------------------------------------------------------------------------------------------------------------+
| DEBUG<0>                           | IOB              | OUTPUT    | LVCMOS33             |       | 12       | SLOW |              |          |          |
| DEBUG<1>                           | IOB              | OUTPUT    | LVCMOS33             |       | 12       | SLOW |              |          |          |
| LED<0>                             | IOB              | OUTPUT    | LVCMOS25             |       | 12       | SLOW |              |          |          |
| LED<1>                             | IOB              | OUTPUT    | LVCMOS25             |       | 12       | SLOW |              |          |          |
| LED<2>                             | IOB              | OUTPUT    | LVCMOS25             |       | 12       | SLOW |              |          |          |
| LED<3>                             | IOB              | OUTPUT    | LVCMOS25             |       | 12       | SLOW |              |          |          |
| RSTBTN                             | IOB              | INPUT     | LVCMOS25             |       |          |      |              |          |          |
| SW<0>                              | IOB              | INPUT     | LVCMOS33             |       |          |      |              |          |          |
| SW<1>                              | IOB              | INPUT     | LVCMOS33             |       |          |      |              |          |          |
| SW<2>                              | IOB              | INPUT     | LVCMOS33             |       |          |      |              |          |          |
| SW<3>                              | IOB              | INPUT     | LVCMOS33             |       |          |      |              |          |          |
| SYS_CLK                            | IOB              | INPUT     | LVCMOS25             |       |          |      |              |          |          |
| TMDS<0>                            | IOBM             | OUTPUT    | TMDS_33              |       |          |      | OSERDES      |          |          |
| TMDS<1>                            | IOBM             | OUTPUT    | TMDS_33              |       |          |      | OSERDES      |          |          |
| TMDS<2>                            | IOBM             | OUTPUT    | TMDS_33              |       |          |      | OSERDES      |          |          |
| TMDS<3>                            | IOBM             | OUTPUT    | TMDS_33              |       |          |      | OSERDES      |          |          |
| TMDSB<0>                           | IOBS             | OUTPUT    | TMDS_33              |       |          |      |              |          |          |
| TMDSB<1>                           | IOBS             | OUTPUT    | TMDS_33              |       |          |      |              |          |          |
| TMDSB<2>                           | IOBS             | OUTPUT    | TMDS_33              |       |          |      |              |          |          |
| TMDSB<3>                           | IOBS             | OUTPUT    | TMDS_33              |       |          |      |              |          |          |
+---------------------------------------------------------------------------------------------------------------------------------------------------------+

Section 7 - RPMs
----------------

Section 8 - Guide Report
------------------------
Guide not run on this design.

Section 9 - Area Group and Partition Summary
--------------------------------------------

Partition Implementation Status
-------------------------------

  No Partitions were found in this design.

-------------------------------

Area Group Information
----------------------

  No area groups were found in this design.

----------------------

Section 10 - Timing Report
--------------------------
A logic-level (pre-route) timing report can be generated by using Xilinx static
timing analysis tools, Timing Analyzer (GUI) or TRCE (command line), with the
mapped NCD and PCF files. Please note that this timing report will be generated
using estimated delay information. For accurate numbers, please generate a
timing report with the post Place and Route NCD file.

For more information about the Timing Analyzer, consult the Xilinx Timing
Analyzer Reference Manual; for more information about TRCE, consult the Xilinx
Command Line Tools User Guide "TRACE" chapter.

Section 11 - Configuration String Details
-----------------------------------------
Use the "-detail" map option to print out Configuration Strings

Section 12 - Control Set Information
------------------------------------
Use the "-detail" map option to print out Control Set Information.

Section 13 - Utilization by Hierarchy
-------------------------------------
Use the "-detail" map option to print out the Utilization by Hierarchy section.
