
****** PlanAhead v14.7 (64-bit)
  **** Build 321239 by xbuild on Fri Sep 27 19:24:36 MDT 2013
    ** Copyright 1986-1999, 2001-2013 Xilinx, Inc. All Rights Reserved.

INFO: [Common 17-78] Attempting to get a license: PlanAhead
INFO: [Common 17-290] Got license for PlanAhead
INFO: [Device 21-36] Loading parts and site information from /opt/Xilinx/14.7/ISE_DS/PlanAhead/data/parts/arch.xml
Parsing RTL primitives file [/opt/Xilinx/14.7/ISE_DS/PlanAhead/data/parts/xilinx/rtl/prims/rtl_prims.xml]
Finished parsing RTL primitives file [/opt/Xilinx/14.7/ISE_DS/PlanAhead/data/parts/xilinx/rtl/prims/rtl_prims.xml]
start_gui
source /home/nancy/Desktop/HDMI-Color-Bar/pa.fromHdl.tcl
# create_project -name HDMI-Color-Bar -dir "/home/nancy/Desktop/HDMI-Color-Bar/planAhead_run_1" -part xc6slx45csg324-3
# set_param project.pinAheadLayout yes
# set srcset [get_property srcset [current_run -impl]]
# set_property target_constrs_file "/home/nancy/Desktop/xapp495/dvi_demo/ucf/vtc_demo.ucf" [current_fileset -constrset]
Adding file '/home/nancy/Desktop/xapp495/dvi_demo/ucf/vtc_demo.ucf' to fileset 'constrs_1'
# set hdlfile [add_files [list {DRAM16XN.v}]]
# set_property file_type Verilog $hdlfile
# set_property library work $hdlfile
# set hdlfile [add_files [list {encode.v}]]
# set_property file_type Verilog $hdlfile
# set_property library work $hdlfile
# set hdlfile [add_files [list {convert_30to15_fifo.v}]]
# set_property file_type Verilog $hdlfile
# set_property library work $hdlfile
# set hdlfile [add_files [list {timing.v}]]
# set_property file_type Verilog $hdlfile
# set_property library work $hdlfile
# set hdlfile [add_files [list {synchro.v}]]
# set_property file_type Verilog $hdlfile
# set_property library work $hdlfile
# set hdlfile [add_files [list {serdes_n_to_1.v}]]
# set_property file_type Verilog $hdlfile
# set_property library work $hdlfile
# set hdlfile [add_files [list {hdclrbar.v}]]
# set_property file_type Verilog $hdlfile
# set_property library work $hdlfile
# set hdlfile [add_files [list {dvi_encoder.v}]]
# set_property file_type Verilog $hdlfile
# set_property library work $hdlfile
# set hdlfile [add_files [list {debnce.v}]]
# set_property file_type Verilog $hdlfile
# set_property library work $hdlfile
# set hdlfile [add_files [list {dcmspi.v}]]
# set_property file_type Verilog $hdlfile
# set_property library work $hdlfile
# set hdlfile [add_files [list {vtc_demo.v}]]
# set_property file_type Verilog $hdlfile
# set_property library work $hdlfile
# set_property top vtc_demo $srcset
# add_files [list {/home/nancy/Desktop/xapp495/dvi_demo/ucf/vtc_demo.ucf}] -fileset [get_property constrset [current_run]]
# open_rtl_design -part xc6slx45csg324-3
Using Verific elaboration
Parsing VHDL file "/opt/Xilinx/14.7/ISE_DS/PlanAhead/data/parts/xilinx/rtl/lib/synplify/synattr.vhd" into library synplify
Analyzing Verilog file "/home/nancy/Desktop/HDMI-Color-Bar/DRAM16XN.v" into library work
Analyzing Verilog file "/home/nancy/Desktop/HDMI-Color-Bar/encode.v" into library work
Analyzing Verilog file "/home/nancy/Desktop/HDMI-Color-Bar/convert_30to15_fifo.v" into library work
Analyzing Verilog file "/home/nancy/Desktop/HDMI-Color-Bar/timing.v" into library work
Analyzing Verilog file "/home/nancy/Desktop/HDMI-Color-Bar/synchro.v" into library work
Analyzing Verilog file "/home/nancy/Desktop/HDMI-Color-Bar/serdes_n_to_1.v" into library work
Analyzing Verilog file "/home/nancy/Desktop/HDMI-Color-Bar/hdclrbar.v" into library work
Analyzing Verilog file "/home/nancy/Desktop/HDMI-Color-Bar/dvi_encoder.v" into library work
Analyzing Verilog file "/home/nancy/Desktop/HDMI-Color-Bar/debnce.v" into library work
Analyzing Verilog file "/home/nancy/Desktop/HDMI-Color-Bar/dcmspi.v" into library work
Analyzing Verilog file "/home/nancy/Desktop/HDMI-Color-Bar/vtc_demo.v" into library work
CRITICAL WARNING: [Netlist 29-72] Incorrect value '2' specified for property 'DIVIDE'. Expecting type 'int' with possible values of '1,3,4,5,6,7,8'. The system will either use the default value or the property value will be dropped. Please verify your source files. [/home/nancy/Desktop/HDMI-Color-Bar/vtc_demo.v:78]
INFO: [Netlist 29-17] Analyzing 30 Unisim elements for replacement
INFO: [Netlist 29-28] Unisim Transformation completed in 0 CPU seconds
Loading clock regions from /opt/Xilinx/14.7/ISE_DS/PlanAhead/data/parts/xilinx/spartan6/spartan6lx/xc6slx45/ClockRegion.xml
Loading clock buffers from /opt/Xilinx/14.7/ISE_DS/PlanAhead/data/parts/xilinx/spartan6/spartan6lx/xc6slx45/ClockBuffers.xml
Loading package pin functions from /opt/Xilinx/14.7/ISE_DS/PlanAhead/data/parts/xilinx/spartan6/PinFunctions.xml...
Loading package from /opt/Xilinx/14.7/ISE_DS/PlanAhead/data/parts/xilinx/spartan6/spartan6lx/xc6slx45/csg324/Package.xml
Loading io standards from /opt/Xilinx/14.7/ISE_DS/PlanAhead/data/./parts/xilinx/spartan6/IOStandards.xml
Loading device configuration modes from /opt/Xilinx/14.7/ISE_DS/PlanAhead/data/parts/xilinx/spartan6/ConfigModes.xml
Loading list of drcs for the architecture : /opt/Xilinx/14.7/ISE_DS/PlanAhead/data/./parts/xilinx/spartan6/drc.xml
Parsing UCF File [/home/nancy/Desktop/xapp495/dvi_demo/ucf/vtc_demo.ucf]
Finished Parsing UCF File [/home/nancy/Desktop/xapp495/dvi_demo/ucf/vtc_demo.ucf]
INFO: [Project 1-111] Unisim Transformation Summary:
  A total of 30 instances were transformed.
  RAM16X1D => RAM16X1D (RAMD32, RAMD32, GND): 30 instances

Phase 0 | Netlist Checksum: 52151142
open_rtl_design: Time (s): cpu = 00:00:14 ; elapsed = 00:00:07 . Memory (MB): peak = 2918.621 ; gain = 186.203
update_compile_order -fileset sim_1
exit
ERROR: [Common 17-39] 'stop_gui' failed due to earlier errors.
INFO: [Common 17-206] Exiting PlanAhead at Mon Dec 31 16:04:14 2018...
INFO: [Common 17-83] Releasing license: PlanAhead
